<?xml version="1.0" encoding="UTF-8" ?>
<testsuite tests="5" failures="0" name="com.myapp.ducumber.runner.RunnerTest" time="1.079" errors="0" skipped="0">
  <properties>
[...]
</properties>
  <testcase classname="Scenario: Verify my profile page" name="Given that Every thing is initialized" time="0.004"/>
  <testcase classname="Scenario: Verify my profile page" name="Given that I have already login" time="0"/>
  <testcase classname="Scenario: Verify my profile page" name="And I click on my profile" time="0"/>
  <testcase classname="Scenario: Verify my profile page" name="Then I update all About you info" time="0"/>
  <testcase classname="Scenario: Verify my profile page" name="Scenario: Verify my profile page" time="1.075"/>
</testsuite>